
/home/runner/work/exp-generator-matrix-iiith/exp-generator-matrix-iiith/experiment/simulation/js/code-book.js
    1:10  warning  'check1' is defined but never used  no-unused-vars
   56:10  warning  'check2' is defined but never used  no-unused-vars
  112:10  warning  'check3' is defined but never used  no-unused-vars
  168:10  warning  'check4' is defined but never used  no-unused-vars
  224:10  warning  'check5' is defined but never used  no-unused-vars
  280:10  warning  'check6' is defined but never used  no-unused-vars
  336:10  warning  'check7' is defined but never used  no-unused-vars
  392:10  warning  'check8' is defined but never used  no-unused-vars
  448:10  warning  'reset1' is defined but never used  no-unused-vars
  458:10  warning  'reset2' is defined but never used  no-unused-vars
  468:10  warning  'reset3' is defined but never used  no-unused-vars
  478:10  warning  'reset4' is defined but never used  no-unused-vars
  488:10  warning  'reset5' is defined but never used  no-unused-vars
  498:10  warning  'reset6' is defined but never used  no-unused-vars
  508:10  warning  'reset7' is defined but never used  no-unused-vars
  518:10  warning  'reset8' is defined but never used  no-unused-vars

/home/runner/work/exp-generator-matrix-iiith/exp-generator-matrix-iiith/experiment/simulation/js/code-word.js
   3:10  warning  'change' is defined but never used    no-unused-vars
  27:10  warning  'check' is defined but never used     no-unused-vars
  63:10  warning  'deselect' is defined but never used  no-unused-vars

/home/runner/work/exp-generator-matrix-iiith/exp-generator-matrix-iiith/experiment/simulation/js/encoding.js
    2:10  warning  'display' is defined but never used       no-unused-vars
   42:10  warning  'check' is defined but never used         no-unused-vars
   49:11  warning  'obs' is assigned a value but never used  no-unused-vars
  106:10  warning  'initial' is defined but never used       no-unused-vars

/home/runner/work/exp-generator-matrix-iiith/exp-generator-matrix-iiith/experiment/simulation/js/generator-matrix.js
    3:10  warning  'change' is defined but never used    no-unused-vars
   37:10  warning  'check' is defined but never used     no-unused-vars
   40:9   warning  'comment' is not defined              no-undef
   41:9   warning  'comment' is not defined              no-undef
   93:22  warning  'i' is already defined                no-redeclare
   99:22  warning  'i' is already defined                no-redeclare
  105:22  warning  'i' is already defined                no-redeclare
  111:22  warning  'i' is already defined                no-redeclare
  117:22  warning  'i' is already defined                no-redeclare
  123:22  warning  'i' is already defined                no-redeclare
  159:10  warning  'deselect' is defined but never used  no-unused-vars

✖ 34 problems (0 errors, 34 warnings)

